<?xml version="1.0" encoding="UTF-8"?>
<!-- Generated by org.testng.reporters.JUnitReportReporter -->
<testsuite skipped="0" hostname="ASUS-Laptop" name="mycompany.Testc2" tests="2" failures="0" timestamp="2020-10-09T22:55:57 CET" time="27.845" errors="0">
  <testcase name="infooublies" time="12.290" classname="mycompany.Testc2"/>
  <system-out/>
  <testcase name="tabulation2" time="15.555" classname="mycompany.Testc2"/>
  <system-out/>
</testsuite> <!-- mycompany.Testc2 -->
