<?xml version="1.0" encoding="UTF-8"?>
<!-- Generated by org.testng.reporters.JUnitReportReporter -->
<testsuite skipped="0" hostname="ASUS-Laptop" name="mycompany.Testc1" tests="2" failures="0" timestamp="2020-10-09T22:38:56 CET" time="29.561" errors="0">
  <testcase name="enter" time="17.155" classname="mycompany.Testc1"/>
  <system-out/>
  <testcase name="tabulation1" time="12.406" classname="mycompany.Testc1"/>
  <system-out/>
</testsuite> <!-- mycompany.Testc1 -->
