<?xml version="1.0" encoding="UTF-8"?>
<!-- Generated by org.testng.reporters.JUnitReportReporter -->
<testsuite hostname="DESKTOP-QU3KUDR" failures="0" tests="1" name="Tests.act" time="24.077" errors="0" timestamp="2020-07-19T12:03:58 GMT+01:00" skipped="0">
  <testcase classname="Tests.act" name="log" time="24.077"/>
  <system-out/>
</testsuite> <!-- Tests.act -->
