<?xml version="1.0" encoding="UTF-8"?>
<!-- Generated by org.testng.reporters.JUnitReportReporter -->
<testsuite skipped="0" hostname="ASUS-Laptop" name="Tests.act" tests="1" failures="0" timestamp="2020-10-09T23:58:37 CET" time="167.040" errors="0">
  <testcase name="log" time="167.040" classname="Tests.act"/>
  <system-out/>
</testsuite> <!-- Tests.act -->
