<?xml version="1.0" encoding="UTF-8"?>
<!-- Generated by org.testng.reporters.JUnitReportReporter -->
<testsuite skipped="0" hostname="ASUS-Laptop" name="mycompany.Testc1" tests="2" failures="0" timestamp="2020-10-10T12:45:40 CET" time="42.537" errors="0">
  <testcase name="tabulation1" time="21.440" classname="mycompany.Testc1"/>
  <system-out/>
  <testcase name="enter" time="21.097" classname="mycompany.Testc1"/>
  <system-out/>
</testsuite> <!-- mycompany.Testc1 -->
