<?xml version="1.0" encoding="UTF-8"?>
<!-- Generated by org.testng.reporters.JUnitReportReporter -->
<testsuite skipped="0" hostname="ASUS-Laptop" name="mycompany.Testc2" tests="2" failures="0" timestamp="2020-10-09T23:58:37 CET" time="27.186" errors="0">
  <testcase name="infooublies" time="10.557" classname="mycompany.Testc2"/>
  <system-out/>
  <testcase name="tabulation2" time="16.629" classname="mycompany.Testc2"/>
  <system-out/>
</testsuite> <!-- mycompany.Testc2 -->
